00:00:00.006250 main     VirtualBox COM Server 7.0.14 r161095 win.amd64 (Jan 15 2024 14:59:30) release log
00:00:00.006255 main     Log opened 2024-06-10T07:50:47.418028000Z
00:00:00.006256 main     Build Type: release
00:00:00.006290 main     OS Product: Windows 11
00:00:00.006292 main     OS Release: 10.0.22631
00:00:00.006293 main     OS Service Pack: 
00:00:00.047232 main     DMI Product Name: ASUS TUF Gaming F15 FX506HC_FX506HC
00:00:00.065263 main     DMI Product Version: 1.0
00:00:00.065285 main     Firmware type: UEFI
00:00:00.065757 main     Secure Boot: VERR_PRIVILEGE_NOT_HELD
00:00:00.065800 main     Host RAM: 16122MB (15.7GB) total, 8683MB (8.4GB) available
00:00:00.065804 main     Executable: C:\Program Files\Oracle\VirtualBox\VBoxSVC.exe
00:00:00.065805 main     Process ID: 16900
00:00:00.065805 main     Package type: WINDOWS_64BITS_GENERIC
00:00:00.335789          VirtualBox: object creation starts
00:00:00.336289          Home directory: 'C:\Users\yugen\.VirtualBox'
00:00:00.336508          Installed Drivers:
00:00:00.343022            C:\Windows\system32\DRIVERS\VBoxNetLwf.sys (Version: 7.0.14.11095)
00:00:00.344306            C:\Windows\system32\DRIVERS\VBoxUSBMon.sys (Version: 7.0.14.11095)
00:00:00.345138            C:\Windows\system32\DRIVERS\VBoxSup.sys (Version: 7.0.14.11095)
00:00:00.346617            C:\Windows\system32\DRIVERS\VBoxNetAdp6.sys (Version: 7.0.14.11095)
00:00:00.353241          Loading settings file "C:\Users\yugen\.VirtualBox\VirtualBox.xml" with version "1.12-windows"
00:00:00.357099          usbLibGetDevices: Starting USB device enumeration
00:00:00.401663          Getting USB descriptor (id 0) failed (dwErr=31) on hub USB#ROOT_HUB30#4&1db8209&0&0#{f18a0e88-c30c-11d0-8815-00a0c906bed8} port 7
00:00:00.401755          Getting USB descriptor (id 0) failed (dwErr=31) on hub USB#ROOT_HUB30#4&1db8209&0&0#{f18a0e88-c30c-11d0-8815-00a0c906bed8} port 14
00:00:00.403700          usbLibGetDevices: Found 2 USB devices, 0 captured
00:00:00.403859          USB: Unknown USB device detected (idVendor: 0x13d3, idProduct: 0x3563)
00:00:00.403985          USB: Unknown USB device detected (idVendor: 0x322e, idProduct: 0x202c)
00:00:00.570436          HostDnsMonitor: initializing
00:00:00.579835          HostDnsMonitor: updating information
00:00:00.579932          HostDnsMonitor: old information
00:00:00.579948            no server entries
00:00:00.579949            no domain set
00:00:00.579949            no search string entries
00:00:00.579950          HostDnsMonitor: new information
00:00:00.579950            server 1: 192.168.156.122
00:00:00.579951            no domain set
00:00:00.579951            no search string entries
00:00:00.626228          VD: VDInit finished with VINF_SUCCESS
00:00:00.916770          Loading settings file "C:\Users\yugen\VirtualBox VMs\kali linux\kali linux.vbox" with version "1.19-windows"
00:00:01.080911          OCI: Local config file 'C:\Users\yugen\.VirtualBox\oci_config' does not exist
00:00:01.081113          OCI: Original config file 'C:\Users\yugen\.oci\config' does not exist
00:00:01.081116          OCI: Reading profiles finished with status ERROR_SUCCESS
00:00:01.081244          ExtPack: Created cloud provider 'OCI' (hrc=ERROR_SUCCESS)
00:00:01.081413          VirtualBox: object created
00:00:01.188753          Saving settings file "C:\Users\yugen\.VirtualBox\VirtualBox.xml" with version "1.12-windows"
00:00:01.192962          Finished saving settings file "C:\Users\yugen\.VirtualBox\VirtualBox.xml"
00:00:01.193205          Saving settings file "C:\Users\yugen\.VirtualBox\VirtualBox.xml" with version "1.12-windows"
00:00:01.195724          Finished saving settings file "C:\Users\yugen\.VirtualBox\VirtualBox.xml"
00:00:01.195956          Saving settings file "C:\Users\yugen\.VirtualBox\VirtualBox.xml" with version "1.12-windows"
00:00:01.199351          Finished saving settings file "C:\Users\yugen\.VirtualBox\VirtualBox.xml"
00:00:02.346684          ERROR [COM]: aRC=VBOX_E_INVALID_VM_STATE (0x80bb0002) aIID={300763af-5d6b-46e6-aa96-273eac15538a} aComponent={MachineWrap} aText={The machine is not mutable (state is PoweredOff)}, preserve=false aResultDetail=0
00:00:05.403120          Launched VM: 3503800960 pid: 18544 (0x4870) frontend: GUI/Qt name: kali linux
00:00:05.443557          ERROR [COM]: aRC=VBOX_E_INVALID_VM_STATE (0x80bb0002) aIID={300763af-5d6b-46e6-aa96-273eac15538a} aComponent={MachineWrap} aText={The machine is not mutable (state is PoweredOff)}, preserve=false aResultDetail=0
00:00:15.585700          ERROR [COM]: aRC=VBOX_E_INVALID_VM_STATE (0x80bb0002) aIID={300763af-5d6b-46e6-aa96-273eac15538a} aComponent={MachineWrap} aText={The machine is not mutable (state is PoweredOff)}, preserve=false aResultDetail=0
00:00:17.271560          Load [C:\Program Files\Oracle\VirtualBox\ExtensionPacks\Oracle_VM_VirtualBox_Extension_Pack\win.amd64\VBoxHostWebcam.DLL] vrc=VINF_SUCCESS
00:00:23.684283          ERROR [COM]: aRC=VBOX_E_IPRT_ERROR (0x80bb0005) aIID={300763af-5d6b-46e6-aa96-273eac15538a} aComponent={SessionMachine} aText={Saved screenshot data is not available (VERR_NOT_SUPPORTED)}, preserve=false aResultDetail=-37
00:00:24.159617          ERROR [COM]: aRC=VBOX_E_INVALID_VM_STATE (0x80bb0002) aIID={300763af-5d6b-46e6-aa96-273eac15538a} aComponent={MachineWrap} aText={The machine is not mutable (state is Starting)}, preserve=false aResultDetail=0
00:00:24.171271          ERROR [COM]: aRC=VBOX_E_INVALID_VM_STATE (0x80bb0002) aIID={300763af-5d6b-46e6-aa96-273eac15538a} aComponent={SessionMachine} aText={The machine is not mutable or saved (state is Starting)}, preserve=false aResultDetail=0
00:00:28.084413          ERROR [COM]: aRC=VBOX_E_OBJECT_NOT_FOUND (0x80bb0001) aIID={ad47ad09-787b-44ab-b343-a082a3f2dfb1} aComponent={MediumWrap} aText={Property 'CRYPT/KeyId' does not exist}, preserve=false aResultDetail=0
00:00:28.120897          ERROR [COM]: aRC=VBOX_E_INVALID_VM_STATE (0x80bb0002) aIID={300763af-5d6b-46e6-aa96-273eac15538a} aComponent={MachineWrap} aText={The machine is not mutable (state is Running)}, preserve=false aResultDetail=0
00:02:42.644475          ERROR [COM]: aRC=VBOX_E_INVALID_VM_STATE (0x80bb0002) aIID={300763af-5d6b-46e6-aa96-273eac15538a} aComponent={MachineWrap} aText={The machine is not mutable (state is Stopping)}, preserve=false aResultDetail=0
00:02:42.700880          Saving settings file "C:\Users\yugen\VirtualBox VMs\kali linux\kali linux.vbox" with version "1.19-windows"
00:02:42.707502          Finished saving settings file "C:\Users\yugen\VirtualBox VMs\kali linux\kali linux.vbox"
00:02:42.745549          ERROR [COM]: aRC=VBOX_E_INVALID_VM_STATE (0x80bb0002) aIID={300763af-5d6b-46e6-aa96-273eac15538a} aComponent={MachineWrap} aText={The machine is not mutable (state is PoweredOff)}, preserve=false aResultDetail=0
00:02:44.287370          ERROR [COM]: aRC=VBOX_E_INVALID_VM_STATE (0x80bb0002) aIID={300763af-5d6b-46e6-aa96-273eac15538a} aComponent={MachineWrap} aText={The machine is not mutable (state is PoweredOff)}, preserve=false aResultDetail=0
00:02:53.065909 main     VirtualBox: object deletion starts
00:02:53.066110 main     ERROR [COM]: aRC=VBOX_E_OBJECT_IN_USE (0x80bb000c) aIID={ad47ad09-787b-44ab-b343-a082a3f2dfb1} aComponent={MediumWrap} aText={Medium 'C:\Users\yugen\VirtualBox VMs\kali linux\kali linux.vdi' cannot be closed because it is still attached to 1 virtual machines}, preserve=false aResultDetail=0
00:02:53.069189 main     HostDnsMonitor: shutting down ...
00:02:53.069379 main     HostDnsMonitor: shut down
00:02:53.078510 Watcher  ERROR [COM]: aRC=E_ACCESSDENIED (0x80070005) aIID={7682d5eb-f00e-44f1-8ca2-99d08b1cd607} aComponent={VirtualBoxWrap} aText={The object is not ready}, preserve=false aResultDetail=0
00:02:53.079407 main     VirtualBox: object deleted
